<?xml version="1.0" encoding="UTF-8"?>
<testng-results skipped="0" failed="0" total="1" passed="1">
  <reporter-output>
  </reporter-output>
  <suite name="Suite" duration-ms="207598" started-at="2015-07-16T13:28:55Z" finished-at="2015-07-16T13:32:23Z">
    <groups>
    </groups>
    <test name="Test" duration-ms="207598" started-at="2015-07-16T13:28:55Z" finished-at="2015-07-16T13:32:23Z">
      <class name="PerformanceTest.Performance_Login">
        <test-method status="PASS" signature="main()[pri:0, instance:PerformanceTest.Performance_Login@588c1ac9]" name="main" duration-ms="207582" started-at="2015-07-16T14:28:55Z" finished-at="2015-07-16T14:32:23Z">
          <reporter-output>
          </reporter-output>
        </test-method> <!-- main -->
        <test-method status="PASS" signature="beforeTest()[pri:0, instance:PerformanceTest.Performance_Login@588c1ac9]" name="beforeTest" is-config="true" duration-ms="0" started-at="2015-07-16T14:28:55Z" finished-at="2015-07-16T14:28:55Z">
          <reporter-output>
          </reporter-output>
        </test-method> <!-- beforeTest -->
        <test-method status="PASS" signature="afterTest()[pri:0, instance:PerformanceTest.Performance_Login@588c1ac9]" name="afterTest" is-config="true" duration-ms="0" started-at="2015-07-16T14:32:23Z" finished-at="2015-07-16T14:32:23Z">
          <reporter-output>
          </reporter-output>
        </test-method> <!-- afterTest -->
      </class> <!-- PerformanceTest.Performance_Login -->
    </test> <!-- Test -->
  </suite> <!-- Suite -->
</testng-results>
