<?xml version="1.0" encoding="UTF-8"?>
<testng-results skipped="0" failed="0" total="1" passed="1">
  <reporter-output>
  </reporter-output>
  <suite name="Default suite" duration-ms="499464" started-at="2015-07-31T07:25:12Z" finished-at="2015-07-31T07:33:32Z">
    <groups>
    </groups>
    <test name="Default test" duration-ms="499464" started-at="2015-07-31T07:25:12Z" finished-at="2015-07-31T07:33:32Z">
      <class name="PerformanceTest.Performance_Login">
        <test-method status="PASS" signature="beforeTest()[pri:0, instance:PerformanceTest.Performance_Login@6cd8739a]" name="beforeTest" is-config="true" duration-ms="15" started-at="2015-07-31T08:25:12Z" finished-at="2015-07-31T08:25:12Z">
          <reporter-output>
          </reporter-output>
        </test-method> <!-- beforeTest -->
        <test-method status="PASS" signature="main()[pri:0, instance:PerformanceTest.Performance_Login@6cd8739a]" name="main" duration-ms="499449" started-at="2015-07-31T08:25:12Z" finished-at="2015-07-31T08:33:32Z">
          <reporter-output>
          </reporter-output>
        </test-method> <!-- main -->
        <test-method status="PASS" signature="afterTest()[pri:0, instance:PerformanceTest.Performance_Login@6cd8739a]" name="afterTest" is-config="true" duration-ms="0" started-at="2015-07-31T08:33:32Z" finished-at="2015-07-31T08:33:32Z">
          <reporter-output>
          </reporter-output>
        </test-method> <!-- afterTest -->
      </class> <!-- PerformanceTest.Performance_Login -->
    </test> <!-- Default test -->
  </suite> <!-- Default suite -->
</testng-results>
